<?xml version="1.0" encoding="UTF-8"?>
<testsuite name="com.boot.nagagu.web.HelloControllerTest" tests="2" skipped="0" failures="0" errors="0" timestamp="2020-06-14T07:52:59" hostname="DESKTOP-V2A4LJ1" time="0.53">
  <properties/>
  <testcase name="hello가_리턴된다" classname="com.boot.nagagu.web.HelloControllerTest" time="0.171"/>
  <testcase name="helloDto가_리턴된다" classname="com.boot.nagagu.web.HelloControllerTest" time="0.358"/>
  <system-out><![CDATA[2020-06-14 16:52:55.882  INFO 15816 --- [    Test worker] .b.t.a.w.s.WebMvcTestContextBootstrapper : Neither @ContextConfiguration nor @ContextHierarchy found for test class [com.boot.nagagu.web.HelloControllerTest], using SpringBootContextLoader
2020-06-14 16:52:55.884  INFO 15816 --- [    Test worker] o.s.t.c.support.AbstractContextLoader    : Could not detect default resource locations for test class [com.boot.nagagu.web.HelloControllerTest]: no resource found for suffixes {-context.xml, Context.groovy}.
2020-06-14 16:52:55.884  INFO 15816 --- [    Test worker] t.c.s.AnnotationConfigContextLoaderUtils : Could not detect default configuration classes for test class [com.boot.nagagu.web.HelloControllerTest]: HelloControllerTest does not declare any static, non-private, non-final, nested classes annotated with @Configuration.
2020-06-14 16:52:55.999  INFO 15816 --- [    Test worker] .b.t.c.SpringBootTestContextBootstrapper : Found @SpringBootConfiguration com.boot.nagagu.Application for test class com.boot.nagagu.web.HelloControllerTest
2020-06-14 16:52:56.003  INFO 15816 --- [    Test worker] .b.t.a.w.s.WebMvcTestContextBootstrapper : Loaded default TestExecutionListener class names from location [META-INF/spring.factories]: [org.springframework.security.test.context.support.WithSecurityContextTestExecutionListener, org.springframework.security.test.context.support.ReactorContextTestExecutionListener, org.springframework.boot.test.autoconfigure.restdocs.RestDocsTestExecutionListener, org.springframework.boot.test.autoconfigure.web.client.MockRestServiceServerResetTestExecutionListener, org.springframework.boot.test.autoconfigure.web.servlet.MockMvcPrintOnlyOnFailureTestExecutionListener, org.springframework.boot.test.autoconfigure.web.servlet.WebDriverTestExecutionListener, org.springframework.boot.test.mock.mockito.MockitoTestExecutionListener, org.springframework.boot.test.mock.mockito.ResetMocksTestExecutionListener, org.springframework.test.context.web.ServletTestExecutionListener, org.springframework.test.context.support.DirtiesContextBeforeModesTestExecutionListener, org.springframework.test.context.support.DependencyInjectionTestExecutionListener, org.springframework.test.context.support.DirtiesContextTestExecutionListener, org.springframework.test.context.transaction.TransactionalTestExecutionListener, org.springframework.test.context.jdbc.SqlScriptsTestExecutionListener]
2020-06-14 16:52:56.060  INFO 15816 --- [    Test worker] .b.t.a.w.s.WebMvcTestContextBootstrapper : Using TestExecutionListeners: [org.springframework.test.context.web.ServletTestExecutionListener@76ba6066, org.springframework.test.context.support.DirtiesContextBeforeModesTestExecutionListener@3268aaf1, org.springframework.boot.test.mock.mockito.MockitoTestExecutionListener@f9198a9, org.springframework.boot.test.autoconfigure.SpringBootDependencyInjectionTestExecutionListener@189201a, org.springframework.test.context.support.DirtiesContextTestExecutionListener@2495d91d, org.springframework.test.context.transaction.TransactionalTestExecutionListener@535dc05c, org.springframework.test.context.jdbc.SqlScriptsTestExecutionListener@500a5e4e, org.springframework.security.test.context.support.WithSecurityContextTestExecutionListener@184b3da5, org.springframework.security.test.context.support.ReactorContextTestExecutionListener@129c5280, org.springframework.boot.test.autoconfigure.restdocs.RestDocsTestExecutionListener@2ffe3faf, org.springframework.boot.test.autoconfigure.web.client.MockRestServiceServerResetTestExecutionListener@2d84fc30, org.springframework.boot.test.autoconfigure.web.servlet.MockMvcPrintOnlyOnFailureTestExecutionListener@6c634a30, org.springframework.boot.test.autoconfigure.web.servlet.WebDriverTestExecutionListener@1c1b1d6e, org.springframework.boot.test.mock.mockito.ResetMocksTestExecutionListener@42465a05]

  .   ____          _            __ _ _
 /\\ / ___'_ __ _ _(_)_ __  __ _ \ \ \ \
( ( )\___ | '_ | '_| | '_ \/ _` | \ \ \ \
 \\/  ___)| |_)| | | | | || (_| |  ) ) ) )
  '  |____| .__|_| |_|_| |_\__, | / / / /
 =========|_|==============|___/=/_/_/_/
 :: Spring Boot ::        (v2.1.7.RELEASE)

2020-06-14 16:52:56.231  INFO 15816 --- [    Test worker] com.boot.nagagu.web.HelloControllerTest  : Starting HelloControllerTest on DESKTOP-V2A4LJ1 with PID 15816 (started by hwang in C:\Users\hwang\IdeaProjects\nagagu)
2020-06-14 16:52:56.248  INFO 15816 --- [    Test worker] com.boot.nagagu.web.HelloControllerTest  : The following profiles are active: oauth
2020-06-14 16:52:57.472  INFO 15816 --- [    Test worker] o.s.s.concurrent.ThreadPoolTaskExecutor  : Initializing ExecutorService 'applicationTaskExecutor'
2020-06-14 16:52:57.612  INFO 15816 --- [    Test worker] o.s.b.a.w.s.WelcomePageHandlerMapping    : Adding welcome page template: index
2020-06-14 16:52:58.637  INFO 15816 --- [    Test worker] .s.s.UserDetailsServiceAutoConfiguration : 

Using generated security password: b2cd1d08-9c9c-4d17-b9e4-712c53a61cc0

2020-06-14 16:52:59.223  INFO 15816 --- [    Test worker] o.s.s.web.DefaultSecurityFilterChain     : Creating filter chain: any request, [org.springframework.security.web.context.request.async.WebAsyncManagerIntegrationFilter@41b56e9d, org.springframework.security.web.context.SecurityContextPersistenceFilter@5d6459c1, org.springframework.security.web.header.HeaderWriterFilter@627c93e4, org.springframework.security.web.csrf.CsrfFilter@281e3c6d, org.springframework.security.web.authentication.logout.LogoutFilter@20093df0, org.springframework.security.web.authentication.UsernamePasswordAuthenticationFilter@44660112, org.springframework.security.web.authentication.ui.DefaultLoginPageGeneratingFilter@7318bb6e, org.springframework.security.web.authentication.ui.DefaultLogoutPageGeneratingFilter@72ae91d8, org.springframework.security.web.authentication.www.BasicAuthenticationFilter@4ecbc7e5, org.springframework.security.web.savedrequest.RequestCacheAwareFilter@feb31c1, org.springframework.security.web.servletapi.SecurityContextHolderAwareRequestFilter@98e706b, org.springframework.security.web.authentication.AnonymousAuthenticationFilter@62ca9487, org.springframework.security.web.session.SessionManagementFilter@3bd83692, org.springframework.security.web.access.ExceptionTranslationFilter@1f29ae92, org.springframework.security.web.access.intercept.FilterSecurityInterceptor@33e7e0ab]
2020-06-14 16:52:59.314  INFO 15816 --- [    Test worker] o.s.b.t.m.w.SpringBootMockServletContext : Initializing Spring TestDispatcherServlet ''
2020-06-14 16:52:59.315  INFO 15816 --- [    Test worker] o.s.t.web.servlet.TestDispatcherServlet  : Initializing Servlet ''
2020-06-14 16:52:59.356  INFO 15816 --- [    Test worker] o.s.t.web.servlet.TestDispatcherServlet  : Completed initialization in 41 ms
2020-06-14 16:52:59.420  INFO 15816 --- [    Test worker] com.boot.nagagu.web.HelloControllerTest  : Started HelloControllerTest in 3.351 seconds (JVM running for 35.727)
]]></system-out>
  <system-err><![CDATA[]]></system-err>
</testsuite>
