<?xml version="1.0" encoding="UTF-8"?>
<testsuite name="com.boot.nagagu.web.PostApiControllerTest" tests="2" skipped="0" failures="0" errors="0" timestamp="2020-06-14T08:59:40" hostname="DESKTOP-V2A4LJ1" time="0.242">
  <properties/>
  <testcase name="Posts_등록된다" classname="com.boot.nagagu.web.PostApiControllerTest" time="0.175"/>
  <testcase name="Posts_수정된다" classname="com.boot.nagagu.web.PostApiControllerTest" time="0.066"/>
  <system-out><![CDATA[2020-06-14 17:59:40.968  INFO 15060 --- [    Test worker] .b.t.c.SpringBootTestContextBootstrapper : Neither @ContextConfiguration nor @ContextHierarchy found for test class [com.boot.nagagu.web.PostApiControllerTest], using SpringBootContextLoader
2020-06-14 17:59:40.971  INFO 15060 --- [    Test worker] o.s.t.c.support.AbstractContextLoader    : Could not detect default resource locations for test class [com.boot.nagagu.web.PostApiControllerTest]: no resource found for suffixes {-context.xml, Context.groovy}.
2020-06-14 17:59:40.971  INFO 15060 --- [    Test worker] t.c.s.AnnotationConfigContextLoaderUtils : Could not detect default configuration classes for test class [com.boot.nagagu.web.PostApiControllerTest]: PostApiControllerTest does not declare any static, non-private, non-final, nested classes annotated with @Configuration.
2020-06-14 17:59:40.975  INFO 15060 --- [    Test worker] .b.t.c.SpringBootTestContextBootstrapper : Found @SpringBootConfiguration com.boot.nagagu.Application for test class com.boot.nagagu.web.PostApiControllerTest
2020-06-14 17:59:40.977  INFO 15060 --- [    Test worker] .b.t.c.SpringBootTestContextBootstrapper : Loaded default TestExecutionListener class names from location [META-INF/spring.factories]: [org.springframework.security.test.context.support.WithSecurityContextTestExecutionListener, org.springframework.security.test.context.support.ReactorContextTestExecutionListener, org.springframework.boot.test.autoconfigure.restdocs.RestDocsTestExecutionListener, org.springframework.boot.test.autoconfigure.web.client.MockRestServiceServerResetTestExecutionListener, org.springframework.boot.test.autoconfigure.web.servlet.MockMvcPrintOnlyOnFailureTestExecutionListener, org.springframework.boot.test.autoconfigure.web.servlet.WebDriverTestExecutionListener, org.springframework.boot.test.mock.mockito.MockitoTestExecutionListener, org.springframework.boot.test.mock.mockito.ResetMocksTestExecutionListener, org.springframework.test.context.web.ServletTestExecutionListener, org.springframework.test.context.support.DirtiesContextBeforeModesTestExecutionListener, org.springframework.test.context.support.DependencyInjectionTestExecutionListener, org.springframework.test.context.support.DirtiesContextTestExecutionListener, org.springframework.test.context.transaction.TransactionalTestExecutionListener, org.springframework.test.context.jdbc.SqlScriptsTestExecutionListener]
2020-06-14 17:59:40.979  INFO 15060 --- [    Test worker] .b.t.c.SpringBootTestContextBootstrapper : Using TestExecutionListeners: [org.springframework.test.context.web.ServletTestExecutionListener@205d1c1a, org.springframework.test.context.support.DirtiesContextBeforeModesTestExecutionListener@65b0e849, org.springframework.boot.test.mock.mockito.MockitoTestExecutionListener@e11ac50, org.springframework.boot.test.autoconfigure.SpringBootDependencyInjectionTestExecutionListener@40129afc, org.springframework.test.context.support.DirtiesContextTestExecutionListener@8e7f328, org.springframework.test.context.transaction.TransactionalTestExecutionListener@6af7b0dd, org.springframework.test.context.jdbc.SqlScriptsTestExecutionListener@6907e2ff, org.springframework.security.test.context.support.WithSecurityContextTestExecutionListener@3d964059, org.springframework.security.test.context.support.ReactorContextTestExecutionListener@a5f9a70, org.springframework.boot.test.autoconfigure.restdocs.RestDocsTestExecutionListener@5df9b2be, org.springframework.boot.test.autoconfigure.web.client.MockRestServiceServerResetTestExecutionListener@b3fa3e4, org.springframework.boot.test.autoconfigure.web.servlet.MockMvcPrintOnlyOnFailureTestExecutionListener@4a4be52, org.springframework.boot.test.autoconfigure.web.servlet.WebDriverTestExecutionListener@72de28ac, org.springframework.boot.test.mock.mockito.ResetMocksTestExecutionListener@62a2180b]
2020-06-14 17:59:41.001  INFO 15060 --- [    Test worker] o.a.c.c.C.[Tomcat].[localhost].[/]       : Initializing Spring TestDispatcherServlet ''
2020-06-14 17:59:41.002  INFO 15060 --- [    Test worker] o.s.t.web.servlet.TestDispatcherServlet  : Initializing Servlet ''
2020-06-14 17:59:41.007  INFO 15060 --- [    Test worker] o.s.t.web.servlet.TestDispatcherServlet  : Completed initialization in 5 ms
Hibernate: insert into posts (created_date, modified_date, author, content, title) values (?, ?, ?, ?, ?)
Hibernate: select posts0_.id as id1_0_, posts0_.created_date as created_2_0_, posts0_.modified_date as modified3_0_, posts0_.author as author4_0_, posts0_.content as content5_0_, posts0_.title as title6_0_ from posts posts0_
Hibernate: select posts0_.id as id1_0_, posts0_.created_date as created_2_0_, posts0_.modified_date as modified3_0_, posts0_.author as author4_0_, posts0_.content as content5_0_, posts0_.title as title6_0_ from posts posts0_
Hibernate: delete from posts where id=?
2020-06-14 17:59:41.168  INFO 15060 --- [    Test worker] o.a.c.c.C.[Tomcat].[localhost].[/]       : Initializing Spring TestDispatcherServlet ''
2020-06-14 17:59:41.168  INFO 15060 --- [    Test worker] o.s.t.web.servlet.TestDispatcherServlet  : Initializing Servlet ''
2020-06-14 17:59:41.174  INFO 15060 --- [    Test worker] o.s.t.web.servlet.TestDispatcherServlet  : Completed initialization in 6 ms
Hibernate: insert into posts (created_date, modified_date, author, content, title) values (?, ?, ?, ?, ?)
Hibernate: select posts0_.id as id1_0_0_, posts0_.created_date as created_2_0_0_, posts0_.modified_date as modified3_0_0_, posts0_.author as author4_0_0_, posts0_.content as content5_0_0_, posts0_.title as title6_0_0_ from posts posts0_ where posts0_.id=?
Hibernate: update posts set created_date=?, modified_date=?, author=?, content=?, title=? where id=?
Hibernate: select posts0_.id as id1_0_, posts0_.created_date as created_2_0_, posts0_.modified_date as modified3_0_, posts0_.author as author4_0_, posts0_.content as content5_0_, posts0_.title as title6_0_ from posts posts0_
Hibernate: select posts0_.id as id1_0_, posts0_.created_date as created_2_0_, posts0_.modified_date as modified3_0_, posts0_.author as author4_0_, posts0_.content as content5_0_, posts0_.title as title6_0_ from posts posts0_
Hibernate: delete from posts where id=?
]]></system-out>
  <system-err><![CDATA[]]></system-err>
</testsuite>
