<?xml version="1.0" encoding="UTF-8"?>
<testsuite name="com.boot.nagagu.web.PostApiControllerTest" tests="2" skipped="0" failures="0" errors="0" timestamp="2020-06-14T07:53:07" hostname="DESKTOP-V2A4LJ1" time="0.323">
  <properties/>
  <testcase name="Posts_등록된다" classname="com.boot.nagagu.web.PostApiControllerTest" time="0.258"/>
  <testcase name="Posts_수정된다" classname="com.boot.nagagu.web.PostApiControllerTest" time="0.064"/>
  <system-out><![CDATA[2020-06-14 16:53:07.154  INFO 15816 --- [    Test worker] .b.t.c.SpringBootTestContextBootstrapper : Neither @ContextConfiguration nor @ContextHierarchy found for test class [com.boot.nagagu.web.PostApiControllerTest], using SpringBootContextLoader
2020-06-14 16:53:07.156  INFO 15816 --- [    Test worker] o.s.t.c.support.AbstractContextLoader    : Could not detect default resource locations for test class [com.boot.nagagu.web.PostApiControllerTest]: no resource found for suffixes {-context.xml, Context.groovy}.
2020-06-14 16:53:07.157  INFO 15816 --- [    Test worker] t.c.s.AnnotationConfigContextLoaderUtils : Could not detect default configuration classes for test class [com.boot.nagagu.web.PostApiControllerTest]: PostApiControllerTest does not declare any static, non-private, non-final, nested classes annotated with @Configuration.
2020-06-14 16:53:07.160  INFO 15816 --- [    Test worker] .b.t.c.SpringBootTestContextBootstrapper : Found @SpringBootConfiguration com.boot.nagagu.Application for test class com.boot.nagagu.web.PostApiControllerTest
2020-06-14 16:53:07.163  INFO 15816 --- [    Test worker] .b.t.c.SpringBootTestContextBootstrapper : Loaded default TestExecutionListener class names from location [META-INF/spring.factories]: [org.springframework.security.test.context.support.WithSecurityContextTestExecutionListener, org.springframework.security.test.context.support.ReactorContextTestExecutionListener, org.springframework.boot.test.autoconfigure.restdocs.RestDocsTestExecutionListener, org.springframework.boot.test.autoconfigure.web.client.MockRestServiceServerResetTestExecutionListener, org.springframework.boot.test.autoconfigure.web.servlet.MockMvcPrintOnlyOnFailureTestExecutionListener, org.springframework.boot.test.autoconfigure.web.servlet.WebDriverTestExecutionListener, org.springframework.boot.test.mock.mockito.MockitoTestExecutionListener, org.springframework.boot.test.mock.mockito.ResetMocksTestExecutionListener, org.springframework.test.context.web.ServletTestExecutionListener, org.springframework.test.context.support.DirtiesContextBeforeModesTestExecutionListener, org.springframework.test.context.support.DependencyInjectionTestExecutionListener, org.springframework.test.context.support.DirtiesContextTestExecutionListener, org.springframework.test.context.transaction.TransactionalTestExecutionListener, org.springframework.test.context.jdbc.SqlScriptsTestExecutionListener]
2020-06-14 16:53:07.166  INFO 15816 --- [    Test worker] .b.t.c.SpringBootTestContextBootstrapper : Using TestExecutionListeners: [org.springframework.test.context.web.ServletTestExecutionListener@541eea1b, org.springframework.test.context.support.DirtiesContextBeforeModesTestExecutionListener@328f996a, org.springframework.boot.test.mock.mockito.MockitoTestExecutionListener@11556c80, org.springframework.boot.test.autoconfigure.SpringBootDependencyInjectionTestExecutionListener@ed0838, org.springframework.test.context.support.DirtiesContextTestExecutionListener@2300640c, org.springframework.test.context.transaction.TransactionalTestExecutionListener@6d8aedcf, org.springframework.test.context.jdbc.SqlScriptsTestExecutionListener@5701ad92, org.springframework.security.test.context.support.WithSecurityContextTestExecutionListener@3f45c382, org.springframework.security.test.context.support.ReactorContextTestExecutionListener@1f45f062, org.springframework.boot.test.autoconfigure.restdocs.RestDocsTestExecutionListener@251b92d0, org.springframework.boot.test.autoconfigure.web.client.MockRestServiceServerResetTestExecutionListener@7f2cc6dc, org.springframework.boot.test.autoconfigure.web.servlet.MockMvcPrintOnlyOnFailureTestExecutionListener@6ee44368, org.springframework.boot.test.autoconfigure.web.servlet.WebDriverTestExecutionListener@5e927836, org.springframework.boot.test.mock.mockito.ResetMocksTestExecutionListener@27e6ec26]
2020-06-14 16:53:07.213  INFO 15816 --- [    Test worker] o.a.c.c.C.[Tomcat].[localhost].[/]       : Initializing Spring TestDispatcherServlet ''
2020-06-14 16:53:07.213  INFO 15816 --- [    Test worker] o.s.t.web.servlet.TestDispatcherServlet  : Initializing Servlet ''
2020-06-14 16:53:07.218  INFO 15816 --- [    Test worker] o.s.t.web.servlet.TestDispatcherServlet  : Completed initialization in 5 ms
Hibernate: insert into posts (created_date, modified_date, author, content, title) values (?, ?, ?, ?, ?)
Hibernate: select posts0_.id as id1_0_, posts0_.created_date as created_2_0_, posts0_.modified_date as modified3_0_, posts0_.author as author4_0_, posts0_.content as content5_0_, posts0_.title as title6_0_ from posts posts0_
Hibernate: select posts0_.id as id1_0_, posts0_.created_date as created_2_0_, posts0_.modified_date as modified3_0_, posts0_.author as author4_0_, posts0_.content as content5_0_, posts0_.title as title6_0_ from posts posts0_
Hibernate: delete from posts where id=?
2020-06-14 16:53:07.447  INFO 15816 --- [    Test worker] o.a.c.c.C.[Tomcat].[localhost].[/]       : Initializing Spring TestDispatcherServlet ''
2020-06-14 16:53:07.447  INFO 15816 --- [    Test worker] o.s.t.web.servlet.TestDispatcherServlet  : Initializing Servlet ''
2020-06-14 16:53:07.454  INFO 15816 --- [    Test worker] o.s.t.web.servlet.TestDispatcherServlet  : Completed initialization in 6 ms
Hibernate: insert into posts (created_date, modified_date, author, content, title) values (?, ?, ?, ?, ?)
Hibernate: select posts0_.id as id1_0_0_, posts0_.created_date as created_2_0_0_, posts0_.modified_date as modified3_0_0_, posts0_.author as author4_0_0_, posts0_.content as content5_0_0_, posts0_.title as title6_0_0_ from posts posts0_ where posts0_.id=?
Hibernate: update posts set created_date=?, modified_date=?, author=?, content=?, title=? where id=?
Hibernate: select posts0_.id as id1_0_, posts0_.created_date as created_2_0_, posts0_.modified_date as modified3_0_, posts0_.author as author4_0_, posts0_.content as content5_0_, posts0_.title as title6_0_ from posts posts0_
Hibernate: select posts0_.id as id1_0_, posts0_.created_date as created_2_0_, posts0_.modified_date as modified3_0_, posts0_.author as author4_0_, posts0_.content as content5_0_, posts0_.title as title6_0_ from posts posts0_
Hibernate: delete from posts where id=?
]]></system-out>
  <system-err><![CDATA[]]></system-err>
</testsuite>
