<?xml version="1.0" encoding="UTF-8"?>
<testsuite name="com.boot.nagagu.web.HelloControllerTest" tests="2" skipped="0" failures="0" errors="0" timestamp="2020-06-15T08:40:57" hostname="DESKTOP-V2A4LJ1" time="0.481">
  <properties/>
  <testcase name="hello가_리턴된다" classname="com.boot.nagagu.web.HelloControllerTest" time="0.157"/>
  <testcase name="helloDto가_리턴된다" classname="com.boot.nagagu.web.HelloControllerTest" time="0.316"/>
  <system-out><![CDATA[2020-06-15 17:40:54.760  INFO 10512 --- [    Test worker] .b.t.a.w.s.WebMvcTestContextBootstrapper : Neither @ContextConfiguration nor @ContextHierarchy found for test class [com.boot.nagagu.web.HelloControllerTest], using SpringBootContextLoader
2020-06-15 17:40:54.763  INFO 10512 --- [    Test worker] o.s.t.c.support.AbstractContextLoader    : Could not detect default resource locations for test class [com.boot.nagagu.web.HelloControllerTest]: no resource found for suffixes {-context.xml, Context.groovy}.
2020-06-15 17:40:54.764  INFO 10512 --- [    Test worker] t.c.s.AnnotationConfigContextLoaderUtils : Could not detect default configuration classes for test class [com.boot.nagagu.web.HelloControllerTest]: HelloControllerTest does not declare any static, non-private, non-final, nested classes annotated with @Configuration.
2020-06-15 17:40:54.822  INFO 10512 --- [    Test worker] .b.t.c.SpringBootTestContextBootstrapper : Found @SpringBootConfiguration com.boot.nagagu.Application for test class com.boot.nagagu.web.HelloControllerTest
2020-06-15 17:40:54.829  INFO 10512 --- [    Test worker] .b.t.a.w.s.WebMvcTestContextBootstrapper : Loaded default TestExecutionListener class names from location [META-INF/spring.factories]: [org.springframework.security.test.context.support.WithSecurityContextTestExecutionListener, org.springframework.security.test.context.support.ReactorContextTestExecutionListener, org.springframework.boot.test.autoconfigure.restdocs.RestDocsTestExecutionListener, org.springframework.boot.test.autoconfigure.web.client.MockRestServiceServerResetTestExecutionListener, org.springframework.boot.test.autoconfigure.web.servlet.MockMvcPrintOnlyOnFailureTestExecutionListener, org.springframework.boot.test.autoconfigure.web.servlet.WebDriverTestExecutionListener, org.springframework.boot.test.mock.mockito.MockitoTestExecutionListener, org.springframework.boot.test.mock.mockito.ResetMocksTestExecutionListener, org.springframework.test.context.web.ServletTestExecutionListener, org.springframework.test.context.support.DirtiesContextBeforeModesTestExecutionListener, org.springframework.test.context.support.DependencyInjectionTestExecutionListener, org.springframework.test.context.support.DirtiesContextTestExecutionListener, org.springframework.test.context.transaction.TransactionalTestExecutionListener, org.springframework.test.context.jdbc.SqlScriptsTestExecutionListener]
2020-06-15 17:40:54.832  INFO 10512 --- [    Test worker] .b.t.a.w.s.WebMvcTestContextBootstrapper : Using TestExecutionListeners: [org.springframework.test.context.web.ServletTestExecutionListener@2568fbe0, org.springframework.test.context.support.DirtiesContextBeforeModesTestExecutionListener@a001fd9, org.springframework.boot.test.mock.mockito.MockitoTestExecutionListener@4c7cf8d3, org.springframework.boot.test.autoconfigure.SpringBootDependencyInjectionTestExecutionListener@a756643, org.springframework.test.context.support.DirtiesContextTestExecutionListener@68a03b16, org.springframework.test.context.transaction.TransactionalTestExecutionListener@62540f0c, org.springframework.test.context.jdbc.SqlScriptsTestExecutionListener@4945c9f5, org.springframework.security.test.context.support.WithSecurityContextTestExecutionListener@6823f9e0, org.springframework.security.test.context.support.ReactorContextTestExecutionListener@1b20779, org.springframework.boot.test.autoconfigure.restdocs.RestDocsTestExecutionListener@43dc542c, org.springframework.boot.test.autoconfigure.web.client.MockRestServiceServerResetTestExecutionListener@24b127c3, org.springframework.boot.test.autoconfigure.web.servlet.MockMvcPrintOnlyOnFailureTestExecutionListener@532a264c, org.springframework.boot.test.autoconfigure.web.servlet.WebDriverTestExecutionListener@42b27a9f, org.springframework.boot.test.mock.mockito.ResetMocksTestExecutionListener@63ee2bd1]

  .   ____          _            __ _ _
 /\\ / ___'_ __ _ _(_)_ __  __ _ \ \ \ \
( ( )\___ | '_ | '_| | '_ \/ _` | \ \ \ \
 \\/  ___)| |_)| | | | | || (_| |  ) ) ) )
  '  |____| .__|_| |_|_| |_\__, | / / / /
 =========|_|==============|___/=/_/_/_/
 :: Spring Boot ::        (v2.1.7.RELEASE)

2020-06-15 17:40:54.950  INFO 10512 --- [    Test worker] com.boot.nagagu.web.HelloControllerTest  : Starting HelloControllerTest on DESKTOP-V2A4LJ1 with PID 10512 (started by hwang in C:\Users\hwang\IdeaProjects\nagagu)
2020-06-15 17:40:54.952  INFO 10512 --- [    Test worker] com.boot.nagagu.web.HelloControllerTest  : No active profile set, falling back to default profiles: default
2020-06-15 17:40:55.964  INFO 10512 --- [    Test worker] o.s.s.concurrent.ThreadPoolTaskExecutor  : Initializing ExecutorService 'applicationTaskExecutor'
2020-06-15 17:40:56.138  INFO 10512 --- [    Test worker] o.s.b.a.w.s.WelcomePageHandlerMapping    : Adding welcome page template: index
2020-06-15 17:40:56.921  INFO 10512 --- [    Test worker] .s.s.UserDetailsServiceAutoConfiguration : 

Using generated security password: cf4ec34b-35b1-4d3b-bd43-209fbd360526

2020-06-15 17:40:57.306  INFO 10512 --- [    Test worker] o.s.s.web.DefaultSecurityFilterChain     : Creating filter chain: any request, [org.springframework.security.web.context.request.async.WebAsyncManagerIntegrationFilter@84faf5d, org.springframework.security.web.context.SecurityContextPersistenceFilter@b767e8d, org.springframework.security.web.header.HeaderWriterFilter@4260f1bb, org.springframework.security.web.csrf.CsrfFilter@7fb17000, org.springframework.security.web.authentication.logout.LogoutFilter@23ca43fe, org.springframework.security.web.authentication.UsernamePasswordAuthenticationFilter@19447d3a, org.springframework.security.web.authentication.ui.DefaultLoginPageGeneratingFilter@18392943, org.springframework.security.web.authentication.ui.DefaultLogoutPageGeneratingFilter@2f52646, org.springframework.security.web.authentication.www.BasicAuthenticationFilter@3be67883, org.springframework.security.web.savedrequest.RequestCacheAwareFilter@46eb0463, org.springframework.security.web.servletapi.SecurityContextHolderAwareRequestFilter@3c3c82c, org.springframework.security.web.authentication.AnonymousAuthenticationFilter@adf64fb, org.springframework.security.web.session.SessionManagementFilter@3625a887, org.springframework.security.web.access.ExceptionTranslationFilter@249f32b, org.springframework.security.web.access.intercept.FilterSecurityInterceptor@2bb19214]
2020-06-15 17:40:57.358  INFO 10512 --- [    Test worker] o.s.b.t.m.w.SpringBootMockServletContext : Initializing Spring TestDispatcherServlet ''
2020-06-15 17:40:57.358  INFO 10512 --- [    Test worker] o.s.t.web.servlet.TestDispatcherServlet  : Initializing Servlet ''
2020-06-15 17:40:57.386  INFO 10512 --- [    Test worker] o.s.t.web.servlet.TestDispatcherServlet  : Completed initialization in 28 ms
2020-06-15 17:40:57.474  INFO 10512 --- [    Test worker] com.boot.nagagu.web.HelloControllerTest  : Started HelloControllerTest in 2.635 seconds (JVM running for 27.981)
]]></system-out>
  <system-err><![CDATA[]]></system-err>
</testsuite>
