<?xml version="1.0" encoding="UTF-8"?>
<testsuite name="com.boot.nagagu.web.PostApiControllerTest" tests="2" skipped="0" failures="0" errors="0" timestamp="2020-06-13T09:40:21" hostname="DESKTOP-V2A4LJ1" time="0.235">
  <properties/>
  <testcase name="Posts_등록된다" classname="com.boot.nagagu.web.PostApiControllerTest" time="0.169"/>
  <testcase name="Posts_수정된다" classname="com.boot.nagagu.web.PostApiControllerTest" time="0.065"/>
  <system-out><![CDATA[2020-06-13 18:40:21.224  INFO 14076 --- [    Test worker] .b.t.c.SpringBootTestContextBootstrapper : Neither @ContextConfiguration nor @ContextHierarchy found for test class [com.boot.nagagu.web.PostApiControllerTest], using SpringBootContextLoader
2020-06-13 18:40:21.226  INFO 14076 --- [    Test worker] o.s.t.c.support.AbstractContextLoader    : Could not detect default resource locations for test class [com.boot.nagagu.web.PostApiControllerTest]: no resource found for suffixes {-context.xml, Context.groovy}.
2020-06-13 18:40:21.226  INFO 14076 --- [    Test worker] t.c.s.AnnotationConfigContextLoaderUtils : Could not detect default configuration classes for test class [com.boot.nagagu.web.PostApiControllerTest]: PostApiControllerTest does not declare any static, non-private, non-final, nested classes annotated with @Configuration.
2020-06-13 18:40:21.230  INFO 14076 --- [    Test worker] .b.t.c.SpringBootTestContextBootstrapper : Found @SpringBootConfiguration com.boot.nagagu.Application for test class com.boot.nagagu.web.PostApiControllerTest
2020-06-13 18:40:21.233  INFO 14076 --- [    Test worker] .b.t.c.SpringBootTestContextBootstrapper : Loaded default TestExecutionListener class names from location [META-INF/spring.factories]: [org.springframework.security.test.context.support.WithSecurityContextTestExecutionListener, org.springframework.security.test.context.support.ReactorContextTestExecutionListener, org.springframework.boot.test.autoconfigure.restdocs.RestDocsTestExecutionListener, org.springframework.boot.test.autoconfigure.web.client.MockRestServiceServerResetTestExecutionListener, org.springframework.boot.test.autoconfigure.web.servlet.MockMvcPrintOnlyOnFailureTestExecutionListener, org.springframework.boot.test.autoconfigure.web.servlet.WebDriverTestExecutionListener, org.springframework.boot.test.mock.mockito.MockitoTestExecutionListener, org.springframework.boot.test.mock.mockito.ResetMocksTestExecutionListener, org.springframework.test.context.web.ServletTestExecutionListener, org.springframework.test.context.support.DirtiesContextBeforeModesTestExecutionListener, org.springframework.test.context.support.DependencyInjectionTestExecutionListener, org.springframework.test.context.support.DirtiesContextTestExecutionListener, org.springframework.test.context.transaction.TransactionalTestExecutionListener, org.springframework.test.context.jdbc.SqlScriptsTestExecutionListener]
2020-06-13 18:40:21.235  INFO 14076 --- [    Test worker] .b.t.c.SpringBootTestContextBootstrapper : Using TestExecutionListeners: [org.springframework.test.context.web.ServletTestExecutionListener@3af010e7, org.springframework.test.context.support.DirtiesContextBeforeModesTestExecutionListener@4f5cce71, org.springframework.boot.test.mock.mockito.MockitoTestExecutionListener@3e3b0f37, org.springframework.boot.test.autoconfigure.SpringBootDependencyInjectionTestExecutionListener@18013275, org.springframework.test.context.support.DirtiesContextTestExecutionListener@22cc7eba, org.springframework.test.context.transaction.TransactionalTestExecutionListener@bca13d4, org.springframework.test.context.jdbc.SqlScriptsTestExecutionListener@6d6ee72d, org.springframework.security.test.context.support.WithSecurityContextTestExecutionListener@7c6df26f, org.springframework.security.test.context.support.ReactorContextTestExecutionListener@3d156af6, org.springframework.boot.test.autoconfigure.restdocs.RestDocsTestExecutionListener@661a8a33, org.springframework.boot.test.autoconfigure.web.client.MockRestServiceServerResetTestExecutionListener@7cd75e52, org.springframework.boot.test.autoconfigure.web.servlet.MockMvcPrintOnlyOnFailureTestExecutionListener@6f3a352d, org.springframework.boot.test.autoconfigure.web.servlet.WebDriverTestExecutionListener@79eeb0e6, org.springframework.boot.test.mock.mockito.ResetMocksTestExecutionListener@4b17e6fa]
2020-06-13 18:40:21.257  INFO 14076 --- [    Test worker] o.a.c.c.C.[Tomcat].[localhost].[/]       : Initializing Spring TestDispatcherServlet ''
2020-06-13 18:40:21.257  INFO 14076 --- [    Test worker] o.s.t.web.servlet.TestDispatcherServlet  : Initializing Servlet ''
2020-06-13 18:40:21.262  INFO 14076 --- [    Test worker] o.s.t.web.servlet.TestDispatcherServlet  : Completed initialization in 5 ms
Hibernate: insert into posts (created_date, modified_date, author, content, title) values (?, ?, ?, ?, ?)
Hibernate: select posts0_.id as id1_0_, posts0_.created_date as created_2_0_, posts0_.modified_date as modified3_0_, posts0_.author as author4_0_, posts0_.content as content5_0_, posts0_.title as title6_0_ from posts posts0_
Hibernate: select posts0_.id as id1_0_, posts0_.created_date as created_2_0_, posts0_.modified_date as modified3_0_, posts0_.author as author4_0_, posts0_.content as content5_0_, posts0_.title as title6_0_ from posts posts0_
Hibernate: delete from posts where id=?
2020-06-13 18:40:21.419  INFO 14076 --- [    Test worker] o.a.c.c.C.[Tomcat].[localhost].[/]       : Initializing Spring TestDispatcherServlet ''
2020-06-13 18:40:21.419  INFO 14076 --- [    Test worker] o.s.t.web.servlet.TestDispatcherServlet  : Initializing Servlet ''
2020-06-13 18:40:21.428  INFO 14076 --- [    Test worker] o.s.t.web.servlet.TestDispatcherServlet  : Completed initialization in 9 ms
Hibernate: insert into posts (created_date, modified_date, author, content, title) values (?, ?, ?, ?, ?)
Hibernate: select posts0_.id as id1_0_0_, posts0_.created_date as created_2_0_0_, posts0_.modified_date as modified3_0_0_, posts0_.author as author4_0_0_, posts0_.content as content5_0_0_, posts0_.title as title6_0_0_ from posts posts0_ where posts0_.id=?
Hibernate: update posts set created_date=?, modified_date=?, author=?, content=?, title=? where id=?
Hibernate: select posts0_.id as id1_0_, posts0_.created_date as created_2_0_, posts0_.modified_date as modified3_0_, posts0_.author as author4_0_, posts0_.content as content5_0_, posts0_.title as title6_0_ from posts posts0_
Hibernate: select posts0_.id as id1_0_, posts0_.created_date as created_2_0_, posts0_.modified_date as modified3_0_, posts0_.author as author4_0_, posts0_.content as content5_0_, posts0_.title as title6_0_ from posts posts0_
Hibernate: delete from posts where id=?
]]></system-out>
  <system-err><![CDATA[]]></system-err>
</testsuite>
