<?xml version="1.0" encoding="UTF-8"?>
<testsuite name="com.boot.nagagu.web.HelloControllerTest" tests="2" skipped="0" failures="0" errors="0" timestamp="2020-06-13T09:40:13" hostname="DESKTOP-V2A4LJ1" time="0.374">
  <properties/>
  <testcase name="hello가_리턴된다" classname="com.boot.nagagu.web.HelloControllerTest" time="0.161"/>
  <testcase name="helloDto가_리턴된다" classname="com.boot.nagagu.web.HelloControllerTest" time="0.201"/>
  <system-out><![CDATA[2020-06-13 18:40:10.993  INFO 14076 --- [    Test worker] .b.t.a.w.s.WebMvcTestContextBootstrapper : Neither @ContextConfiguration nor @ContextHierarchy found for test class [com.boot.nagagu.web.HelloControllerTest], using SpringBootContextLoader
2020-06-13 18:40:10.995  INFO 14076 --- [    Test worker] o.s.t.c.support.AbstractContextLoader    : Could not detect default resource locations for test class [com.boot.nagagu.web.HelloControllerTest]: no resource found for suffixes {-context.xml, Context.groovy}.
2020-06-13 18:40:10.995  INFO 14076 --- [    Test worker] t.c.s.AnnotationConfigContextLoaderUtils : Could not detect default configuration classes for test class [com.boot.nagagu.web.HelloControllerTest]: HelloControllerTest does not declare any static, non-private, non-final, nested classes annotated with @Configuration.
2020-06-13 18:40:11.079  INFO 14076 --- [    Test worker] .b.t.c.SpringBootTestContextBootstrapper : Found @SpringBootConfiguration com.boot.nagagu.Application for test class com.boot.nagagu.web.HelloControllerTest
2020-06-13 18:40:11.084  INFO 14076 --- [    Test worker] .b.t.a.w.s.WebMvcTestContextBootstrapper : Loaded default TestExecutionListener class names from location [META-INF/spring.factories]: [org.springframework.security.test.context.support.WithSecurityContextTestExecutionListener, org.springframework.security.test.context.support.ReactorContextTestExecutionListener, org.springframework.boot.test.autoconfigure.restdocs.RestDocsTestExecutionListener, org.springframework.boot.test.autoconfigure.web.client.MockRestServiceServerResetTestExecutionListener, org.springframework.boot.test.autoconfigure.web.servlet.MockMvcPrintOnlyOnFailureTestExecutionListener, org.springframework.boot.test.autoconfigure.web.servlet.WebDriverTestExecutionListener, org.springframework.boot.test.mock.mockito.MockitoTestExecutionListener, org.springframework.boot.test.mock.mockito.ResetMocksTestExecutionListener, org.springframework.test.context.web.ServletTestExecutionListener, org.springframework.test.context.support.DirtiesContextBeforeModesTestExecutionListener, org.springframework.test.context.support.DependencyInjectionTestExecutionListener, org.springframework.test.context.support.DirtiesContextTestExecutionListener, org.springframework.test.context.transaction.TransactionalTestExecutionListener, org.springframework.test.context.jdbc.SqlScriptsTestExecutionListener]
2020-06-13 18:40:11.143  INFO 14076 --- [    Test worker] .b.t.a.w.s.WebMvcTestContextBootstrapper : Using TestExecutionListeners: [org.springframework.test.context.web.ServletTestExecutionListener@21819c53, org.springframework.test.context.support.DirtiesContextBeforeModesTestExecutionListener@80e22fe, org.springframework.boot.test.mock.mockito.MockitoTestExecutionListener@2b62ae4a, org.springframework.boot.test.autoconfigure.SpringBootDependencyInjectionTestExecutionListener@6c0c15e6, org.springframework.test.context.support.DirtiesContextTestExecutionListener@41c26f30, org.springframework.test.context.transaction.TransactionalTestExecutionListener@3822ac24, org.springframework.test.context.jdbc.SqlScriptsTestExecutionListener@68c5594, org.springframework.security.test.context.support.WithSecurityContextTestExecutionListener@aa3d386, org.springframework.security.test.context.support.ReactorContextTestExecutionListener@584a960d, org.springframework.boot.test.autoconfigure.restdocs.RestDocsTestExecutionListener@75a442ac, org.springframework.boot.test.autoconfigure.web.client.MockRestServiceServerResetTestExecutionListener@11e09979, org.springframework.boot.test.autoconfigure.web.servlet.MockMvcPrintOnlyOnFailureTestExecutionListener@54b4720, org.springframework.boot.test.autoconfigure.web.servlet.WebDriverTestExecutionListener@93d537a, org.springframework.boot.test.mock.mockito.ResetMocksTestExecutionListener@5edbc1d3]

  .   ____          _            __ _ _
 /\\ / ___'_ __ _ _(_)_ __  __ _ \ \ \ \
( ( )\___ | '_ | '_| | '_ \/ _` | \ \ \ \
 \\/  ___)| |_)| | | | | || (_| |  ) ) ) )
  '  |____| .__|_| |_|_| |_\__, | / / / /
 =========|_|==============|___/=/_/_/_/
 :: Spring Boot ::        (v2.1.7.RELEASE)

2020-06-13 18:40:11.282  INFO 14076 --- [    Test worker] com.boot.nagagu.web.HelloControllerTest  : Starting HelloControllerTest on DESKTOP-V2A4LJ1 with PID 14076 (started by hwang in C:\Users\hwang\IdeaProjects\nagagu)
2020-06-13 18:40:11.287  INFO 14076 --- [    Test worker] com.boot.nagagu.web.HelloControllerTest  : The following profiles are active: oauth
2020-06-13 18:40:12.599  INFO 14076 --- [    Test worker] o.s.s.concurrent.ThreadPoolTaskExecutor  : Initializing ExecutorService 'applicationTaskExecutor'
2020-06-13 18:40:12.696  INFO 14076 --- [    Test worker] o.s.b.a.w.s.WelcomePageHandlerMapping    : Adding welcome page template: index
2020-06-13 18:40:13.140  INFO 14076 --- [    Test worker] .s.s.UserDetailsServiceAutoConfiguration : 

Using generated security password: 20725854-8277-441b-9bbc-3333b17314e8

2020-06-13 18:40:13.472  INFO 14076 --- [    Test worker] o.s.s.web.DefaultSecurityFilterChain     : Creating filter chain: any request, [org.springframework.security.web.context.request.async.WebAsyncManagerIntegrationFilter@2389b571, org.springframework.security.web.context.SecurityContextPersistenceFilter@3a910a55, org.springframework.security.web.header.HeaderWriterFilter@286d4a6d, org.springframework.security.web.csrf.CsrfFilter@961d6fb, org.springframework.security.web.authentication.logout.LogoutFilter@3b8abffa, org.springframework.security.web.authentication.UsernamePasswordAuthenticationFilter@5e776efc, org.springframework.security.web.authentication.ui.DefaultLoginPageGeneratingFilter@2be5d162, org.springframework.security.web.authentication.ui.DefaultLogoutPageGeneratingFilter@130a21f4, org.springframework.security.web.authentication.www.BasicAuthenticationFilter@39881e28, org.springframework.security.web.savedrequest.RequestCacheAwareFilter@22d2fac8, org.springframework.security.web.servletapi.SecurityContextHolderAwareRequestFilter@602ef2dd, org.springframework.security.web.authentication.AnonymousAuthenticationFilter@6a8a04e3, org.springframework.security.web.session.SessionManagementFilter@2f3c8795, org.springframework.security.web.access.ExceptionTranslationFilter@59782473, org.springframework.security.web.access.intercept.FilterSecurityInterceptor@68197c90]
2020-06-13 18:40:13.551  INFO 14076 --- [    Test worker] o.s.b.t.m.w.SpringBootMockServletContext : Initializing Spring TestDispatcherServlet ''
2020-06-13 18:40:13.551  INFO 14076 --- [    Test worker] o.s.t.web.servlet.TestDispatcherServlet  : Initializing Servlet ''
2020-06-13 18:40:13.584  INFO 14076 --- [    Test worker] o.s.t.web.servlet.TestDispatcherServlet  : Completed initialization in 32 ms
2020-06-13 18:40:13.658  INFO 14076 --- [    Test worker] com.boot.nagagu.web.HelloControllerTest  : Started HelloControllerTest in 2.505 seconds (JVM running for 38.006)
]]></system-out>
  <system-err><![CDATA[]]></system-err>
</testsuite>
