<?xml version="1.0" encoding="UTF-8"?>
<testsuite name="com.boot.nagagu.domain.posts.PostsRepositoryTest" tests="2" skipped="0" failures="0" errors="0" timestamp="2020-06-15T08:40:54" hostname="DESKTOP-V2A4LJ1" time="0.306">
  <properties/>
  <testcase name="게시글저장_불러오기" classname="com.boot.nagagu.domain.posts.PostsRepositoryTest" time="0.27"/>
  <testcase name="BaseTimeEntity_등록" classname="com.boot.nagagu.domain.posts.PostsRepositoryTest" time="0.033"/>
  <system-out><![CDATA[2020-06-15 17:40:49.206  INFO 10512 --- [    Test worker] .b.t.c.SpringBootTestContextBootstrapper : Neither @ContextConfiguration nor @ContextHierarchy found for test class [com.boot.nagagu.domain.posts.PostsRepositoryTest], using SpringBootContextLoader
2020-06-15 17:40:49.213  INFO 10512 --- [    Test worker] o.s.t.c.support.AbstractContextLoader    : Could not detect default resource locations for test class [com.boot.nagagu.domain.posts.PostsRepositoryTest]: no resource found for suffixes {-context.xml, Context.groovy}.
2020-06-15 17:40:49.218  INFO 10512 --- [    Test worker] t.c.s.AnnotationConfigContextLoaderUtils : Could not detect default configuration classes for test class [com.boot.nagagu.domain.posts.PostsRepositoryTest]: PostsRepositoryTest does not declare any static, non-private, non-final, nested classes annotated with @Configuration.
2020-06-15 17:40:49.249  INFO 10512 --- [    Test worker] .b.t.c.SpringBootTestContextBootstrapper : Found @SpringBootConfiguration com.boot.nagagu.Application for test class com.boot.nagagu.domain.posts.PostsRepositoryTest
2020-06-15 17:40:49.254  INFO 10512 --- [    Test worker] .b.t.c.SpringBootTestContextBootstrapper : Loaded default TestExecutionListener class names from location [META-INF/spring.factories]: [org.springframework.security.test.context.support.WithSecurityContextTestExecutionListener, org.springframework.security.test.context.support.ReactorContextTestExecutionListener, org.springframework.boot.test.autoconfigure.restdocs.RestDocsTestExecutionListener, org.springframework.boot.test.autoconfigure.web.client.MockRestServiceServerResetTestExecutionListener, org.springframework.boot.test.autoconfigure.web.servlet.MockMvcPrintOnlyOnFailureTestExecutionListener, org.springframework.boot.test.autoconfigure.web.servlet.WebDriverTestExecutionListener, org.springframework.boot.test.mock.mockito.MockitoTestExecutionListener, org.springframework.boot.test.mock.mockito.ResetMocksTestExecutionListener, org.springframework.test.context.web.ServletTestExecutionListener, org.springframework.test.context.support.DirtiesContextBeforeModesTestExecutionListener, org.springframework.test.context.support.DependencyInjectionTestExecutionListener, org.springframework.test.context.support.DirtiesContextTestExecutionListener, org.springframework.test.context.transaction.TransactionalTestExecutionListener, org.springframework.test.context.jdbc.SqlScriptsTestExecutionListener]
2020-06-15 17:40:49.257  INFO 10512 --- [    Test worker] .b.t.c.SpringBootTestContextBootstrapper : Using TestExecutionListeners: [org.springframework.test.context.web.ServletTestExecutionListener@5dcd2a55, org.springframework.test.context.support.DirtiesContextBeforeModesTestExecutionListener@1e75c5c6, org.springframework.boot.test.mock.mockito.MockitoTestExecutionListener@14e8347d, org.springframework.boot.test.autoconfigure.SpringBootDependencyInjectionTestExecutionListener@14c8b2e7, org.springframework.test.context.support.DirtiesContextTestExecutionListener@2063ada9, org.springframework.test.context.transaction.TransactionalTestExecutionListener@10880796, org.springframework.test.context.jdbc.SqlScriptsTestExecutionListener@45168226, org.springframework.security.test.context.support.WithSecurityContextTestExecutionListener@14185fe9, org.springframework.security.test.context.support.ReactorContextTestExecutionListener@292bb626, org.springframework.boot.test.autoconfigure.restdocs.RestDocsTestExecutionListener@794fb022, org.springframework.boot.test.autoconfigure.web.client.MockRestServiceServerResetTestExecutionListener@8b91a9f, org.springframework.boot.test.autoconfigure.web.servlet.MockMvcPrintOnlyOnFailureTestExecutionListener@5e88eb76, org.springframework.boot.test.autoconfigure.web.servlet.WebDriverTestExecutionListener@2a66ec07, org.springframework.boot.test.mock.mockito.ResetMocksTestExecutionListener@2e2c97c9]

  .   ____          _            __ _ _
 /\\ / ___'_ __ _ _(_)_ __  __ _ \ \ \ \
( ( )\___ | '_ | '_| | '_ \/ _` | \ \ \ \
 \\/  ___)| |_)| | | | | || (_| |  ) ) ) )
  '  |____| .__|_| |_|_| |_\__, | / / / /
 =========|_|==============|___/=/_/_/_/
 :: Spring Boot ::        (v2.1.7.RELEASE)

2020-06-15 17:40:49.349  INFO 10512 --- [    Test worker] c.b.n.domain.posts.PostsRepositoryTest   : Starting PostsRepositoryTest on DESKTOP-V2A4LJ1 with PID 10512 (started by hwang in C:\Users\hwang\IdeaProjects\nagagu)
2020-06-15 17:40:49.351  INFO 10512 --- [    Test worker] c.b.n.domain.posts.PostsRepositoryTest   : No active profile set, falling back to default profiles: default
2020-06-15 17:40:50.021  INFO 10512 --- [    Test worker] .s.d.r.c.RepositoryConfigurationDelegate : Bootstrapping Spring Data repositories in DEFAULT mode.
2020-06-15 17:40:50.100  INFO 10512 --- [    Test worker] .s.d.r.c.RepositoryConfigurationDelegate : Finished Spring Data repository scanning in 78ms. Found 2 repository interfaces.
2020-06-15 17:40:50.514  INFO 10512 --- [    Test worker] trationDelegate$BeanPostProcessorChecker : Bean 'org.springframework.transaction.annotation.ProxyTransactionManagementConfiguration' of type [org.springframework.transaction.annotation.ProxyTransactionManagementConfiguration$$EnhancerBySpringCGLIB$$201500c] is not eligible for getting processed by all BeanPostProcessors (for example: not eligible for auto-proxying)
2020-06-15 17:40:50.744  INFO 10512 --- [    Test worker] com.zaxxer.hikari.HikariDataSource       : HikariPool-2 - Starting...
2020-06-15 17:40:50.747  INFO 10512 --- [    Test worker] com.zaxxer.hikari.HikariDataSource       : HikariPool-2 - Start completed.
2020-06-15 17:40:50.822  INFO 10512 --- [    Test worker] o.hibernate.jpa.internal.util.LogHelper  : HHH000204: Processing PersistenceUnitInfo [
	name: default
	...]
2020-06-15 17:40:50.852  INFO 10512 --- [    Test worker] org.hibernate.dialect.Dialect            : HHH000400: Using dialect: org.hibernate.dialect.MySQL5InnoDBDialect
Hibernate: drop table if exists posts
Hibernate: drop table if exists user
Hibernate: create table posts (id bigint not null auto_increment, created_date datetime, modified_date datetime, author varchar(255), content TEXT not null, title varchar(500) not null, primary key (id)) engine=InnoDB
Hibernate: create table user (id bigint not null auto_increment, created_date datetime, modified_date datetime, email varchar(255) not null, name varchar(255) not null, picture varchar(255), role varchar(255) not null, primary key (id)) engine=InnoDB
2020-06-15 17:40:51.009  INFO 10512 --- [    Test worker] o.h.t.schema.internal.SchemaCreatorImpl  : HHH000476: Executing import script 'org.hibernate.tool.schema.internal.exec.ScriptSourceInputNonExistentImpl@2041db0'
2020-06-15 17:40:51.009  INFO 10512 --- [    Test worker] j.LocalContainerEntityManagerFactoryBean : Initialized JPA EntityManagerFactory for persistence unit 'default'
2020-06-15 17:40:51.596  INFO 10512 --- [    Test worker] o.h.h.i.QueryTranslatorFactoryInitiator  : HHH000397: Using ASTQueryTranslatorFactory
2020-06-15 17:40:52.092  INFO 10512 --- [    Test worker] o.s.s.web.DefaultSecurityFilterChain     : Creating filter chain: any request, [org.springframework.security.web.context.request.async.WebAsyncManagerIntegrationFilter@a33857a, org.springframework.security.web.context.SecurityContextPersistenceFilter@41d09a9f, org.springframework.security.web.header.HeaderWriterFilter@61fa0bbf, org.springframework.security.web.authentication.logout.LogoutFilter@75f874, org.springframework.security.oauth2.client.web.OAuth2AuthorizationRequestRedirectFilter@7df1d6f5, org.springframework.security.oauth2.client.web.OAuth2LoginAuthenticationFilter@5124766f, org.springframework.security.web.authentication.ui.DefaultLoginPageGeneratingFilter@45b4963f, org.springframework.security.web.authentication.ui.DefaultLogoutPageGeneratingFilter@22d382c3, org.springframework.security.web.savedrequest.RequestCacheAwareFilter@e8f3c1, org.springframework.security.web.servletapi.SecurityContextHolderAwareRequestFilter@317ea790, org.springframework.security.web.authentication.AnonymousAuthenticationFilter@51e6ae12, org.springframework.security.web.session.SessionManagementFilter@42b6c109, org.springframework.security.web.access.ExceptionTranslationFilter@16baf87c, org.springframework.security.web.access.intercept.FilterSecurityInterceptor@467dc6b1]
2020-06-15 17:40:52.916  INFO 10512 --- [    Test worker] o.s.s.concurrent.ThreadPoolTaskExecutor  : Initializing ExecutorService 'applicationTaskExecutor'
2020-06-15 17:40:52.962  WARN 10512 --- [    Test worker] aWebConfiguration$JpaWebMvcConfiguration : spring.jpa.open-in-view is enabled by default. Therefore, database queries may be performed during view rendering. Explicitly configure spring.jpa.open-in-view to disable this warning
2020-06-15 17:40:53.049  INFO 10512 --- [    Test worker] o.s.b.a.w.s.WelcomePageHandlerMapping    : Adding welcome page template: index
2020-06-15 17:40:54.347  INFO 10512 --- [    Test worker] s.a.ScheduledAnnotationBeanPostProcessor : No TaskScheduler/ScheduledExecutorService bean found for scheduled processing
2020-06-15 17:40:54.350  INFO 10512 --- [    Test worker] c.b.n.domain.posts.PostsRepositoryTest   : Started PostsRepositoryTest in 5.076 seconds (JVM running for 24.857)
Hibernate: insert into posts (created_date, modified_date, author, content, title) values (?, ?, ?, ?, ?)
Hibernate: select posts0_.id as id1_0_, posts0_.created_date as created_2_0_, posts0_.modified_date as modified3_0_, posts0_.author as author4_0_, posts0_.content as content5_0_, posts0_.title as title6_0_ from posts posts0_
Hibernate: select posts0_.id as id1_0_, posts0_.created_date as created_2_0_, posts0_.modified_date as modified3_0_, posts0_.author as author4_0_, posts0_.content as content5_0_, posts0_.title as title6_0_ from posts posts0_
Hibernate: delete from posts where id=?
Hibernate: insert into posts (created_date, modified_date, author, content, title) values (?, ?, ?, ?, ?)
Hibernate: select posts0_.id as id1_0_, posts0_.created_date as created_2_0_, posts0_.modified_date as modified3_0_, posts0_.author as author4_0_, posts0_.content as content5_0_, posts0_.title as title6_0_ from posts posts0_
>>>>>>>> createDate=2020-06-15T17:40:54.654, modifiedDate=2020-06-15T17:40:54.654
Hibernate: select posts0_.id as id1_0_, posts0_.created_date as created_2_0_, posts0_.modified_date as modified3_0_, posts0_.author as author4_0_, posts0_.content as content5_0_, posts0_.title as title6_0_ from posts posts0_
Hibernate: delete from posts where id=?
]]></system-out>
  <system-err><![CDATA[]]></system-err>
</testsuite>
