<?xml version="1.0" encoding="UTF-8"?>
<testsuite name="com.boot.nagagu.web.PostApiControllerTest" tests="2" skipped="0" failures="0" errors="0" timestamp="2020-06-15T08:40:58" hostname="DESKTOP-V2A4LJ1" time="0.28">
  <properties/>
  <testcase name="Posts_등록된다" classname="com.boot.nagagu.web.PostApiControllerTest" time="0.187"/>
  <testcase name="Posts_수정된다" classname="com.boot.nagagu.web.PostApiControllerTest" time="0.091"/>
  <system-out><![CDATA[2020-06-15 17:40:57.980  INFO 10512 --- [    Test worker] .b.t.c.SpringBootTestContextBootstrapper : Neither @ContextConfiguration nor @ContextHierarchy found for test class [com.boot.nagagu.web.PostApiControllerTest], using SpringBootContextLoader
2020-06-15 17:40:57.982  INFO 10512 --- [    Test worker] o.s.t.c.support.AbstractContextLoader    : Could not detect default resource locations for test class [com.boot.nagagu.web.PostApiControllerTest]: no resource found for suffixes {-context.xml, Context.groovy}.
2020-06-15 17:40:57.983  INFO 10512 --- [    Test worker] t.c.s.AnnotationConfigContextLoaderUtils : Could not detect default configuration classes for test class [com.boot.nagagu.web.PostApiControllerTest]: PostApiControllerTest does not declare any static, non-private, non-final, nested classes annotated with @Configuration.
2020-06-15 17:40:57.987  INFO 10512 --- [    Test worker] .b.t.c.SpringBootTestContextBootstrapper : Found @SpringBootConfiguration com.boot.nagagu.Application for test class com.boot.nagagu.web.PostApiControllerTest
2020-06-15 17:40:57.991  INFO 10512 --- [    Test worker] .b.t.c.SpringBootTestContextBootstrapper : Loaded default TestExecutionListener class names from location [META-INF/spring.factories]: [org.springframework.security.test.context.support.WithSecurityContextTestExecutionListener, org.springframework.security.test.context.support.ReactorContextTestExecutionListener, org.springframework.boot.test.autoconfigure.restdocs.RestDocsTestExecutionListener, org.springframework.boot.test.autoconfigure.web.client.MockRestServiceServerResetTestExecutionListener, org.springframework.boot.test.autoconfigure.web.servlet.MockMvcPrintOnlyOnFailureTestExecutionListener, org.springframework.boot.test.autoconfigure.web.servlet.WebDriverTestExecutionListener, org.springframework.boot.test.mock.mockito.MockitoTestExecutionListener, org.springframework.boot.test.mock.mockito.ResetMocksTestExecutionListener, org.springframework.test.context.web.ServletTestExecutionListener, org.springframework.test.context.support.DirtiesContextBeforeModesTestExecutionListener, org.springframework.test.context.support.DependencyInjectionTestExecutionListener, org.springframework.test.context.support.DirtiesContextTestExecutionListener, org.springframework.test.context.transaction.TransactionalTestExecutionListener, org.springframework.test.context.jdbc.SqlScriptsTestExecutionListener]
2020-06-15 17:40:57.993  INFO 10512 --- [    Test worker] .b.t.c.SpringBootTestContextBootstrapper : Using TestExecutionListeners: [org.springframework.test.context.web.ServletTestExecutionListener@23978a6a, org.springframework.test.context.support.DirtiesContextBeforeModesTestExecutionListener@f0831a6, org.springframework.boot.test.mock.mockito.MockitoTestExecutionListener@4ee6ab49, org.springframework.boot.test.autoconfigure.SpringBootDependencyInjectionTestExecutionListener@31de9f50, org.springframework.test.context.support.DirtiesContextTestExecutionListener@2e0587db, org.springframework.test.context.transaction.TransactionalTestExecutionListener@60ce06bc, org.springframework.test.context.jdbc.SqlScriptsTestExecutionListener@1b89550f, org.springframework.security.test.context.support.WithSecurityContextTestExecutionListener@5e687d31, org.springframework.security.test.context.support.ReactorContextTestExecutionListener@5c511278, org.springframework.boot.test.autoconfigure.restdocs.RestDocsTestExecutionListener@4cba04a8, org.springframework.boot.test.autoconfigure.web.client.MockRestServiceServerResetTestExecutionListener@1d4a011d, org.springframework.boot.test.autoconfigure.web.servlet.MockMvcPrintOnlyOnFailureTestExecutionListener@d66670, org.springframework.boot.test.autoconfigure.web.servlet.WebDriverTestExecutionListener@54c066c0, org.springframework.boot.test.mock.mockito.ResetMocksTestExecutionListener@48c3b7b4]
2020-06-15 17:40:58.023  INFO 10512 --- [    Test worker] o.a.c.c.C.[Tomcat].[localhost].[/]       : Initializing Spring TestDispatcherServlet ''
2020-06-15 17:40:58.025  INFO 10512 --- [    Test worker] o.s.t.web.servlet.TestDispatcherServlet  : Initializing Servlet ''
2020-06-15 17:40:58.032  INFO 10512 --- [    Test worker] o.s.t.web.servlet.TestDispatcherServlet  : Completed initialization in 5 ms
Hibernate: insert into posts (created_date, modified_date, author, content, title) values (?, ?, ?, ?, ?)
Hibernate: select posts0_.id as id1_0_, posts0_.created_date as created_2_0_, posts0_.modified_date as modified3_0_, posts0_.author as author4_0_, posts0_.content as content5_0_, posts0_.title as title6_0_ from posts posts0_
Hibernate: select posts0_.id as id1_0_, posts0_.created_date as created_2_0_, posts0_.modified_date as modified3_0_, posts0_.author as author4_0_, posts0_.content as content5_0_, posts0_.title as title6_0_ from posts posts0_
Hibernate: delete from posts where id=?
2020-06-15 17:40:58.215  INFO 10512 --- [    Test worker] o.a.c.c.C.[Tomcat].[localhost].[/]       : Initializing Spring TestDispatcherServlet ''
2020-06-15 17:40:58.222  INFO 10512 --- [    Test worker] o.s.t.web.servlet.TestDispatcherServlet  : Initializing Servlet ''
2020-06-15 17:40:58.232  INFO 10512 --- [    Test worker] o.s.t.web.servlet.TestDispatcherServlet  : Completed initialization in 5 ms
Hibernate: insert into posts (created_date, modified_date, author, content, title) values (?, ?, ?, ?, ?)
Hibernate: select posts0_.id as id1_0_0_, posts0_.created_date as created_2_0_0_, posts0_.modified_date as modified3_0_0_, posts0_.author as author4_0_0_, posts0_.content as content5_0_0_, posts0_.title as title6_0_0_ from posts posts0_ where posts0_.id=?
Hibernate: update posts set created_date=?, modified_date=?, author=?, content=?, title=? where id=?
Hibernate: select posts0_.id as id1_0_, posts0_.created_date as created_2_0_, posts0_.modified_date as modified3_0_, posts0_.author as author4_0_, posts0_.content as content5_0_, posts0_.title as title6_0_ from posts posts0_
Hibernate: select posts0_.id as id1_0_, posts0_.created_date as created_2_0_, posts0_.modified_date as modified3_0_, posts0_.author as author4_0_, posts0_.content as content5_0_, posts0_.title as title6_0_ from posts posts0_
Hibernate: delete from posts where id=?
]]></system-out>
  <system-err><![CDATA[]]></system-err>
</testsuite>
