<?xml version="1.0" encoding="UTF-8"?>
<testsuite name="com.boot.nagagu.web.IndexControllerTest" tests="1" skipped="0" failures="0" errors="0" timestamp="2020-06-14T08:59:40" hostname="DESKTOP-V2A4LJ1" time="0.904">
  <properties/>
  <testcase name="메인페이지_로딩" classname="com.boot.nagagu.web.IndexControllerTest" time="0.904"/>
  <system-out><![CDATA[2020-06-14 17:59:33.152  INFO 15060 --- [    Test worker] .b.t.c.SpringBootTestContextBootstrapper : Neither @ContextConfiguration nor @ContextHierarchy found for test class [com.boot.nagagu.web.IndexControllerTest], using SpringBootContextLoader
2020-06-14 17:59:33.154  INFO 15060 --- [    Test worker] o.s.t.c.support.AbstractContextLoader    : Could not detect default resource locations for test class [com.boot.nagagu.web.IndexControllerTest]: no resource found for suffixes {-context.xml, Context.groovy}.
2020-06-14 17:59:33.154  INFO 15060 --- [    Test worker] t.c.s.AnnotationConfigContextLoaderUtils : Could not detect default configuration classes for test class [com.boot.nagagu.web.IndexControllerTest]: IndexControllerTest does not declare any static, non-private, non-final, nested classes annotated with @Configuration.
2020-06-14 17:59:33.158  INFO 15060 --- [    Test worker] .b.t.c.SpringBootTestContextBootstrapper : Found @SpringBootConfiguration com.boot.nagagu.Application for test class com.boot.nagagu.web.IndexControllerTest
2020-06-14 17:59:33.160  INFO 15060 --- [    Test worker] .b.t.c.SpringBootTestContextBootstrapper : Loaded default TestExecutionListener class names from location [META-INF/spring.factories]: [org.springframework.security.test.context.support.WithSecurityContextTestExecutionListener, org.springframework.security.test.context.support.ReactorContextTestExecutionListener, org.springframework.boot.test.autoconfigure.restdocs.RestDocsTestExecutionListener, org.springframework.boot.test.autoconfigure.web.client.MockRestServiceServerResetTestExecutionListener, org.springframework.boot.test.autoconfigure.web.servlet.MockMvcPrintOnlyOnFailureTestExecutionListener, org.springframework.boot.test.autoconfigure.web.servlet.WebDriverTestExecutionListener, org.springframework.boot.test.mock.mockito.MockitoTestExecutionListener, org.springframework.boot.test.mock.mockito.ResetMocksTestExecutionListener, org.springframework.test.context.web.ServletTestExecutionListener, org.springframework.test.context.support.DirtiesContextBeforeModesTestExecutionListener, org.springframework.test.context.support.DependencyInjectionTestExecutionListener, org.springframework.test.context.support.DirtiesContextTestExecutionListener, org.springframework.test.context.transaction.TransactionalTestExecutionListener, org.springframework.test.context.jdbc.SqlScriptsTestExecutionListener]
2020-06-14 17:59:33.163  INFO 15060 --- [    Test worker] .b.t.c.SpringBootTestContextBootstrapper : Using TestExecutionListeners: [org.springframework.test.context.web.ServletTestExecutionListener@4788f87c, org.springframework.test.context.support.DirtiesContextBeforeModesTestExecutionListener@68bca3a7, org.springframework.boot.test.mock.mockito.MockitoTestExecutionListener@579e8b55, org.springframework.boot.test.autoconfigure.SpringBootDependencyInjectionTestExecutionListener@38688483, org.springframework.test.context.support.DirtiesContextTestExecutionListener@3823d0ea, org.springframework.test.context.transaction.TransactionalTestExecutionListener@350fedd2, org.springframework.test.context.jdbc.SqlScriptsTestExecutionListener@16681c05, org.springframework.security.test.context.support.WithSecurityContextTestExecutionListener@6a58ced7, org.springframework.security.test.context.support.ReactorContextTestExecutionListener@4cdae7f6, org.springframework.boot.test.autoconfigure.restdocs.RestDocsTestExecutionListener@671f2c2, org.springframework.boot.test.autoconfigure.web.client.MockRestServiceServerResetTestExecutionListener@50af5e3d, org.springframework.boot.test.autoconfigure.web.servlet.MockMvcPrintOnlyOnFailureTestExecutionListener@7c2d1c89, org.springframework.boot.test.autoconfigure.web.servlet.WebDriverTestExecutionListener@6753a1ad, org.springframework.boot.test.mock.mockito.ResetMocksTestExecutionListener@6ebdb867]

  .   ____          _            __ _ _
 /\\ / ___'_ __ _ _(_)_ __  __ _ \ \ \ \
( ( )\___ | '_ | '_| | '_ \/ _` | \ \ \ \
 \\/  ___)| |_)| | | | | || (_| |  ) ) ) )
  '  |____| .__|_| |_|_| |_\__, | / / / /
 =========|_|==============|___/=/_/_/_/
 :: Spring Boot ::        (v2.1.7.RELEASE)

2020-06-14 17:59:33.343  INFO 15060 --- [    Test worker] com.boot.nagagu.web.IndexControllerTest  : Starting IndexControllerTest on DESKTOP-V2A4LJ1 with PID 15060 (started by hwang in C:\Users\hwang\IdeaProjects\nagagu)
2020-06-14 17:59:33.376  INFO 15060 --- [    Test worker] com.boot.nagagu.web.IndexControllerTest  : No active profile set, falling back to default profiles: default
2020-06-14 17:59:34.069  INFO 15060 --- [    Test worker] .s.d.r.c.RepositoryConfigurationDelegate : Bootstrapping Spring Data repositories in DEFAULT mode.
2020-06-14 17:59:34.142  INFO 15060 --- [    Test worker] .s.d.r.c.RepositoryConfigurationDelegate : Finished Spring Data repository scanning in 72ms. Found 2 repository interfaces.
2020-06-14 17:59:34.393  INFO 15060 --- [    Test worker] trationDelegate$BeanPostProcessorChecker : Bean 'org.springframework.transaction.annotation.ProxyTransactionManagementConfiguration' of type [org.springframework.transaction.annotation.ProxyTransactionManagementConfiguration$$EnhancerBySpringCGLIB$$da583c68] is not eligible for getting processed by all BeanPostProcessors (for example: not eligible for auto-proxying)
2020-06-14 17:59:34.964  INFO 15060 --- [    Test worker] o.s.b.w.embedded.tomcat.TomcatWebServer  : Tomcat initialized with port(s): 0 (http)
2020-06-14 17:59:35.028  INFO 15060 --- [    Test worker] o.apache.catalina.core.StandardService   : Starting service [Tomcat]
2020-06-14 17:59:35.029  INFO 15060 --- [    Test worker] org.apache.catalina.core.StandardEngine  : Starting Servlet engine: [Apache Tomcat/9.0.22]
2020-06-14 17:59:35.429  INFO 15060 --- [    Test worker] o.a.c.c.C.[Tomcat].[localhost].[/]       : Initializing Spring embedded WebApplicationContext
2020-06-14 17:59:35.430  INFO 15060 --- [    Test worker] o.s.web.context.ContextLoader            : Root WebApplicationContext: initialization completed in 2038 ms
2020-06-14 17:59:35.922  INFO 15060 --- [    Test worker] com.zaxxer.hikari.HikariDataSource       : HikariPool-2 - Starting...
2020-06-14 17:59:35.925  INFO 15060 --- [    Test worker] com.zaxxer.hikari.HikariDataSource       : HikariPool-2 - Start completed.
2020-06-14 17:59:36.035  INFO 15060 --- [    Test worker] o.hibernate.jpa.internal.util.LogHelper  : HHH000204: Processing PersistenceUnitInfo [
	name: default
	...]
2020-06-14 17:59:36.088  INFO 15060 --- [    Test worker] org.hibernate.dialect.Dialect            : HHH000400: Using dialect: org.hibernate.dialect.MySQL5InnoDBDialect
Hibernate: drop table if exists posts
Hibernate: drop table if exists user
Hibernate: create table posts (id bigint not null auto_increment, created_date datetime, modified_date datetime, author varchar(255), content TEXT not null, title varchar(500) not null, primary key (id)) engine=InnoDB
Hibernate: create table user (id bigint not null auto_increment, created_date datetime, modified_date datetime, email varchar(255) not null, name varchar(255) not null, picture varchar(255), role varchar(255) not null, primary key (id)) engine=InnoDB
2020-06-14 17:59:36.332  INFO 15060 --- [    Test worker] o.h.t.schema.internal.SchemaCreatorImpl  : HHH000476: Executing import script 'org.hibernate.tool.schema.internal.exec.ScriptSourceInputNonExistentImpl@1e1c4ced'
2020-06-14 17:59:36.334  INFO 15060 --- [    Test worker] j.LocalContainerEntityManagerFactoryBean : Initialized JPA EntityManagerFactory for persistence unit 'default'
2020-06-14 17:59:37.431  INFO 15060 --- [    Test worker] o.h.h.i.QueryTranslatorFactoryInitiator  : HHH000397: Using ASTQueryTranslatorFactory
2020-06-14 17:59:37.927  INFO 15060 --- [    Test worker] o.s.s.web.DefaultSecurityFilterChain     : Creating filter chain: any request, [org.springframework.security.web.context.request.async.WebAsyncManagerIntegrationFilter@5bc6e4c, org.springframework.security.web.context.SecurityContextPersistenceFilter@7e6d24c0, org.springframework.security.web.header.HeaderWriterFilter@3989d1ed, org.springframework.security.web.authentication.logout.LogoutFilter@54c456d6, org.springframework.security.oauth2.client.web.OAuth2AuthorizationRequestRedirectFilter@69c2ed73, org.springframework.security.oauth2.client.web.OAuth2LoginAuthenticationFilter@19826d23, org.springframework.security.web.authentication.ui.DefaultLoginPageGeneratingFilter@43983141, org.springframework.security.web.authentication.ui.DefaultLogoutPageGeneratingFilter@20f58e59, org.springframework.security.web.savedrequest.RequestCacheAwareFilter@658d7393, org.springframework.security.web.servletapi.SecurityContextHolderAwareRequestFilter@12fcd076, org.springframework.security.web.authentication.AnonymousAuthenticationFilter@5e225641, org.springframework.security.web.session.SessionManagementFilter@7004362e, org.springframework.security.web.access.ExceptionTranslationFilter@2d26cbbd, org.springframework.security.web.access.intercept.FilterSecurityInterceptor@4a8dfc2e]
2020-06-14 17:59:38.551  INFO 15060 --- [    Test worker] o.s.s.concurrent.ThreadPoolTaskExecutor  : Initializing ExecutorService 'applicationTaskExecutor'
2020-06-14 17:59:38.604  WARN 15060 --- [    Test worker] aWebConfiguration$JpaWebMvcConfiguration : spring.jpa.open-in-view is enabled by default. Therefore, database queries may be performed during view rendering. Explicitly configure spring.jpa.open-in-view to disable this warning
2020-06-14 17:59:38.717  INFO 15060 --- [    Test worker] o.s.b.a.w.s.WelcomePageHandlerMapping    : Adding welcome page template: index
2020-06-14 17:59:39.928  INFO 15060 --- [    Test worker] s.a.ScheduledAnnotationBeanPostProcessor : No TaskScheduler/ScheduledExecutorService bean found for scheduled processing
2020-06-14 17:59:40.025  INFO 15060 --- [    Test worker] o.s.b.w.embedded.tomcat.TomcatWebServer  : Tomcat started on port(s): 13742 (http) with context path ''
2020-06-14 17:59:40.029  INFO 15060 --- [    Test worker] com.boot.nagagu.web.IndexControllerTest  : Started IndexControllerTest in 6.863 seconds (JVM running for 31.822)
2020-06-14 17:59:40.572  INFO 15060 --- [-auto-1-exec-10] o.a.c.c.C.[Tomcat].[localhost].[/]       : Initializing Spring DispatcherServlet 'dispatcherServlet'
2020-06-14 17:59:40.573  INFO 15060 --- [-auto-1-exec-10] o.s.web.servlet.DispatcherServlet        : Initializing Servlet 'dispatcherServlet'
2020-06-14 17:59:40.697  INFO 15060 --- [-auto-1-exec-10] o.s.web.servlet.DispatcherServlet        : Completed initialization in 124 ms
Hibernate: select posts0_.id as id1_0_, posts0_.created_date as created_2_0_, posts0_.modified_date as modified3_0_, posts0_.author as author4_0_, posts0_.content as content5_0_, posts0_.title as title6_0_ from posts posts0_ order by posts0_.id DESC
]]></system-out>
  <system-err><![CDATA[]]></system-err>
</testsuite>
