<?xml version="1.0" encoding="UTF-8"?>
<testsuite name="com.boot.nagagu.web.HelloControllerTest" tests="2" skipped="0" failures="0" errors="0" timestamp="2020-06-14T08:59:32" hostname="DESKTOP-V2A4LJ1" time="0.435">
  <properties/>
  <testcase name="hello가_리턴된다" classname="com.boot.nagagu.web.HelloControllerTest" time="0.173"/>
  <testcase name="helloDto가_리턴된다" classname="com.boot.nagagu.web.HelloControllerTest" time="0.26"/>
  <system-out><![CDATA[2020-06-14 17:59:29.717  INFO 15060 --- [    Test worker] .b.t.a.w.s.WebMvcTestContextBootstrapper : Neither @ContextConfiguration nor @ContextHierarchy found for test class [com.boot.nagagu.web.HelloControllerTest], using SpringBootContextLoader
2020-06-14 17:59:29.720  INFO 15060 --- [    Test worker] o.s.t.c.support.AbstractContextLoader    : Could not detect default resource locations for test class [com.boot.nagagu.web.HelloControllerTest]: no resource found for suffixes {-context.xml, Context.groovy}.
2020-06-14 17:59:29.720  INFO 15060 --- [    Test worker] t.c.s.AnnotationConfigContextLoaderUtils : Could not detect default configuration classes for test class [com.boot.nagagu.web.HelloControllerTest]: HelloControllerTest does not declare any static, non-private, non-final, nested classes annotated with @Configuration.
2020-06-14 17:59:29.919  INFO 15060 --- [    Test worker] .b.t.c.SpringBootTestContextBootstrapper : Found @SpringBootConfiguration com.boot.nagagu.Application for test class com.boot.nagagu.web.HelloControllerTest
2020-06-14 17:59:29.930  INFO 15060 --- [    Test worker] .b.t.a.w.s.WebMvcTestContextBootstrapper : Loaded default TestExecutionListener class names from location [META-INF/spring.factories]: [org.springframework.security.test.context.support.WithSecurityContextTestExecutionListener, org.springframework.security.test.context.support.ReactorContextTestExecutionListener, org.springframework.boot.test.autoconfigure.restdocs.RestDocsTestExecutionListener, org.springframework.boot.test.autoconfigure.web.client.MockRestServiceServerResetTestExecutionListener, org.springframework.boot.test.autoconfigure.web.servlet.MockMvcPrintOnlyOnFailureTestExecutionListener, org.springframework.boot.test.autoconfigure.web.servlet.WebDriverTestExecutionListener, org.springframework.boot.test.mock.mockito.MockitoTestExecutionListener, org.springframework.boot.test.mock.mockito.ResetMocksTestExecutionListener, org.springframework.test.context.web.ServletTestExecutionListener, org.springframework.test.context.support.DirtiesContextBeforeModesTestExecutionListener, org.springframework.test.context.support.DependencyInjectionTestExecutionListener, org.springframework.test.context.support.DirtiesContextTestExecutionListener, org.springframework.test.context.transaction.TransactionalTestExecutionListener, org.springframework.test.context.jdbc.SqlScriptsTestExecutionListener]
2020-06-14 17:59:29.933  INFO 15060 --- [    Test worker] .b.t.a.w.s.WebMvcTestContextBootstrapper : Using TestExecutionListeners: [org.springframework.test.context.web.ServletTestExecutionListener@6d63a4b5, org.springframework.test.context.support.DirtiesContextBeforeModesTestExecutionListener@29a27b9e, org.springframework.boot.test.mock.mockito.MockitoTestExecutionListener@142af2fc, org.springframework.boot.test.autoconfigure.SpringBootDependencyInjectionTestExecutionListener@60a5cbc6, org.springframework.test.context.support.DirtiesContextTestExecutionListener@10138d6b, org.springframework.test.context.transaction.TransactionalTestExecutionListener@2ad76a7c, org.springframework.test.context.jdbc.SqlScriptsTestExecutionListener@6929c0c8, org.springframework.security.test.context.support.WithSecurityContextTestExecutionListener@279ccdd0, org.springframework.security.test.context.support.ReactorContextTestExecutionListener@2be8649d, org.springframework.boot.test.autoconfigure.restdocs.RestDocsTestExecutionListener@3afd6f16, org.springframework.boot.test.autoconfigure.web.client.MockRestServiceServerResetTestExecutionListener@1df5d701, org.springframework.boot.test.autoconfigure.web.servlet.MockMvcPrintOnlyOnFailureTestExecutionListener@5cc67b22, org.springframework.boot.test.autoconfigure.web.servlet.WebDriverTestExecutionListener@346230ab, org.springframework.boot.test.mock.mockito.ResetMocksTestExecutionListener@65b66cee]

  .   ____          _            __ _ _
 /\\ / ___'_ __ _ _(_)_ __  __ _ \ \ \ \
( ( )\___ | '_ | '_| | '_ \/ _` | \ \ \ \
 \\/  ___)| |_)| | | | | || (_| |  ) ) ) )
  '  |____| .__|_| |_|_| |_\__, | / / / /
 =========|_|==============|___/=/_/_/_/
 :: Spring Boot ::        (v2.1.7.RELEASE)

2020-06-14 17:59:30.152  INFO 15060 --- [    Test worker] com.boot.nagagu.web.HelloControllerTest  : Starting HelloControllerTest on DESKTOP-V2A4LJ1 with PID 15060 (started by hwang in C:\Users\hwang\IdeaProjects\nagagu)
2020-06-14 17:59:30.159  INFO 15060 --- [    Test worker] com.boot.nagagu.web.HelloControllerTest  : No active profile set, falling back to default profiles: default
2020-06-14 17:59:31.332  INFO 15060 --- [    Test worker] o.s.s.concurrent.ThreadPoolTaskExecutor  : Initializing ExecutorService 'applicationTaskExecutor'
2020-06-14 17:59:31.434  INFO 15060 --- [    Test worker] o.s.b.a.w.s.WelcomePageHandlerMapping    : Adding welcome page template: index
2020-06-14 17:59:32.062  INFO 15060 --- [    Test worker] .s.s.UserDetailsServiceAutoConfiguration : 

Using generated security password: 966a8d5c-7a38-425a-9941-8258c93afaaa

2020-06-14 17:59:32.490  INFO 15060 --- [    Test worker] o.s.s.web.DefaultSecurityFilterChain     : Creating filter chain: any request, [org.springframework.security.web.context.request.async.WebAsyncManagerIntegrationFilter@7fc30b74, org.springframework.security.web.context.SecurityContextPersistenceFilter@3f62c213, org.springframework.security.web.header.HeaderWriterFilter@2f371db6, org.springframework.security.web.csrf.CsrfFilter@e065a36, org.springframework.security.web.authentication.logout.LogoutFilter@210b592a, org.springframework.security.web.authentication.UsernamePasswordAuthenticationFilter@254629f3, org.springframework.security.web.authentication.ui.DefaultLoginPageGeneratingFilter@7448232a, org.springframework.security.web.authentication.ui.DefaultLogoutPageGeneratingFilter@1e0a4f22, org.springframework.security.web.authentication.www.BasicAuthenticationFilter@61ef2db1, org.springframework.security.web.savedrequest.RequestCacheAwareFilter@1187f311, org.springframework.security.web.servletapi.SecurityContextHolderAwareRequestFilter@64a863a, org.springframework.security.web.authentication.AnonymousAuthenticationFilter@6106bf7, org.springframework.security.web.session.SessionManagementFilter@135c358c, org.springframework.security.web.access.ExceptionTranslationFilter@35e36513, org.springframework.security.web.access.intercept.FilterSecurityInterceptor@4abc4a09]
2020-06-14 17:59:32.571  INFO 15060 --- [    Test worker] o.s.b.t.m.w.SpringBootMockServletContext : Initializing Spring TestDispatcherServlet ''
2020-06-14 17:59:32.571  INFO 15060 --- [    Test worker] o.s.t.web.servlet.TestDispatcherServlet  : Initializing Servlet ''
2020-06-14 17:59:32.612  INFO 15060 --- [    Test worker] o.s.t.web.servlet.TestDispatcherServlet  : Completed initialization in 41 ms
2020-06-14 17:59:32.692  INFO 15060 --- [    Test worker] com.boot.nagagu.web.HelloControllerTest  : Started HelloControllerTest in 2.753 seconds (JVM running for 24.484)
]]></system-out>
  <system-err><![CDATA[]]></system-err>
</testsuite>
