<?xml version="1.0" encoding="UTF-8"?>
<testsuite name="com.boot.nagagu.web.IndexControllerTest" tests="1" skipped="0" failures="0" errors="0" timestamp="2020-06-14T07:53:06" hostname="DESKTOP-V2A4LJ1" time="0.431">
  <properties/>
  <testcase name="메인페이지_로딩" classname="com.boot.nagagu.web.IndexControllerTest" time="0.431"/>
  <system-out><![CDATA[2020-06-14 16:52:59.981  INFO 15816 --- [    Test worker] .b.t.c.SpringBootTestContextBootstrapper : Neither @ContextConfiguration nor @ContextHierarchy found for test class [com.boot.nagagu.web.IndexControllerTest], using SpringBootContextLoader
2020-06-14 16:52:59.982  INFO 15816 --- [    Test worker] o.s.t.c.support.AbstractContextLoader    : Could not detect default resource locations for test class [com.boot.nagagu.web.IndexControllerTest]: no resource found for suffixes {-context.xml, Context.groovy}.
2020-06-14 16:52:59.982  INFO 15816 --- [    Test worker] t.c.s.AnnotationConfigContextLoaderUtils : Could not detect default configuration classes for test class [com.boot.nagagu.web.IndexControllerTest]: IndexControllerTest does not declare any static, non-private, non-final, nested classes annotated with @Configuration.
2020-06-14 16:52:59.985  INFO 15816 --- [    Test worker] .b.t.c.SpringBootTestContextBootstrapper : Found @SpringBootConfiguration com.boot.nagagu.Application for test class com.boot.nagagu.web.IndexControllerTest
2020-06-14 16:52:59.988  INFO 15816 --- [    Test worker] .b.t.c.SpringBootTestContextBootstrapper : Loaded default TestExecutionListener class names from location [META-INF/spring.factories]: [org.springframework.security.test.context.support.WithSecurityContextTestExecutionListener, org.springframework.security.test.context.support.ReactorContextTestExecutionListener, org.springframework.boot.test.autoconfigure.restdocs.RestDocsTestExecutionListener, org.springframework.boot.test.autoconfigure.web.client.MockRestServiceServerResetTestExecutionListener, org.springframework.boot.test.autoconfigure.web.servlet.MockMvcPrintOnlyOnFailureTestExecutionListener, org.springframework.boot.test.autoconfigure.web.servlet.WebDriverTestExecutionListener, org.springframework.boot.test.mock.mockito.MockitoTestExecutionListener, org.springframework.boot.test.mock.mockito.ResetMocksTestExecutionListener, org.springframework.test.context.web.ServletTestExecutionListener, org.springframework.test.context.support.DirtiesContextBeforeModesTestExecutionListener, org.springframework.test.context.support.DependencyInjectionTestExecutionListener, org.springframework.test.context.support.DirtiesContextTestExecutionListener, org.springframework.test.context.transaction.TransactionalTestExecutionListener, org.springframework.test.context.jdbc.SqlScriptsTestExecutionListener]
2020-06-14 16:52:59.992  INFO 15816 --- [    Test worker] .b.t.c.SpringBootTestContextBootstrapper : Using TestExecutionListeners: [org.springframework.test.context.web.ServletTestExecutionListener@79446df, org.springframework.test.context.support.DirtiesContextBeforeModesTestExecutionListener@53bd9c7c, org.springframework.boot.test.mock.mockito.MockitoTestExecutionListener@7284f5a2, org.springframework.boot.test.autoconfigure.SpringBootDependencyInjectionTestExecutionListener@66e71010, org.springframework.test.context.support.DirtiesContextTestExecutionListener@436010ad, org.springframework.test.context.transaction.TransactionalTestExecutionListener@7c012ac1, org.springframework.test.context.jdbc.SqlScriptsTestExecutionListener@29fdf906, org.springframework.security.test.context.support.WithSecurityContextTestExecutionListener@77440bb9, org.springframework.security.test.context.support.ReactorContextTestExecutionListener@34628884, org.springframework.boot.test.autoconfigure.restdocs.RestDocsTestExecutionListener@41c0fbeb, org.springframework.boot.test.autoconfigure.web.client.MockRestServiceServerResetTestExecutionListener@7331f1c, org.springframework.boot.test.autoconfigure.web.servlet.MockMvcPrintOnlyOnFailureTestExecutionListener@50fdc580, org.springframework.boot.test.autoconfigure.web.servlet.WebDriverTestExecutionListener@70fb51b3, org.springframework.boot.test.mock.mockito.ResetMocksTestExecutionListener@3622f3e4]

  .   ____          _            __ _ _
 /\\ / ___'_ __ _ _(_)_ __  __ _ \ \ \ \
( ( )\___ | '_ | '_| | '_ \/ _` | \ \ \ \
 \\/  ___)| |_)| | | | | || (_| |  ) ) ) )
  '  |____| .__|_| |_|_| |_\__, | / / / /
 =========|_|==============|___/=/_/_/_/
 :: Spring Boot ::        (v2.1.7.RELEASE)

2020-06-14 16:53:00.301  INFO 15816 --- [    Test worker] com.boot.nagagu.web.IndexControllerTest  : Starting IndexControllerTest on DESKTOP-V2A4LJ1 with PID 15816 (started by hwang in C:\Users\hwang\IdeaProjects\nagagu)
2020-06-14 16:53:00.302  INFO 15816 --- [    Test worker] com.boot.nagagu.web.IndexControllerTest  : The following profiles are active: oauth
2020-06-14 16:53:01.207  INFO 15816 --- [    Test worker] .s.d.r.c.RepositoryConfigurationDelegate : Bootstrapping Spring Data repositories in DEFAULT mode.
2020-06-14 16:53:01.264  INFO 15816 --- [    Test worker] .s.d.r.c.RepositoryConfigurationDelegate : Finished Spring Data repository scanning in 56ms. Found 2 repository interfaces.
2020-06-14 16:53:01.604  INFO 15816 --- [    Test worker] trationDelegate$BeanPostProcessorChecker : Bean 'org.springframework.transaction.annotation.ProxyTransactionManagementConfiguration' of type [org.springframework.transaction.annotation.ProxyTransactionManagementConfiguration$$EnhancerBySpringCGLIB$$10c9ebf3] is not eligible for getting processed by all BeanPostProcessors (for example: not eligible for auto-proxying)
2020-06-14 16:53:02.473  INFO 15816 --- [    Test worker] o.s.b.w.embedded.tomcat.TomcatWebServer  : Tomcat initialized with port(s): 0 (http)
2020-06-14 16:53:02.553  INFO 15816 --- [    Test worker] o.apache.catalina.core.StandardService   : Starting service [Tomcat]
2020-06-14 16:53:02.554  INFO 15816 --- [    Test worker] org.apache.catalina.core.StandardEngine  : Starting Servlet engine: [Apache Tomcat/9.0.22]
2020-06-14 16:53:03.439  INFO 15816 --- [    Test worker] o.a.c.c.C.[Tomcat].[localhost].[/]       : Initializing Spring embedded WebApplicationContext
2020-06-14 16:53:03.439  INFO 15816 --- [    Test worker] o.s.web.context.ContextLoader            : Root WebApplicationContext: initialization completed in 3121 ms
2020-06-14 16:53:03.857  INFO 15816 --- [    Test worker] com.zaxxer.hikari.HikariDataSource       : HikariPool-2 - Starting...
2020-06-14 16:53:03.859  INFO 15816 --- [    Test worker] com.zaxxer.hikari.HikariDataSource       : HikariPool-2 - Start completed.
2020-06-14 16:53:03.939  INFO 15816 --- [    Test worker] o.hibernate.jpa.internal.util.LogHelper  : HHH000204: Processing PersistenceUnitInfo [
	name: default
	...]
2020-06-14 16:53:03.979  INFO 15816 --- [    Test worker] org.hibernate.dialect.Dialect            : HHH000400: Using dialect: org.hibernate.dialect.MySQL5InnoDBDialect
Hibernate: drop table if exists posts
Hibernate: drop table if exists user
Hibernate: create table posts (id bigint not null auto_increment, created_date datetime, modified_date datetime, author varchar(255), content TEXT not null, title varchar(500) not null, primary key (id)) engine=InnoDB
Hibernate: create table user (id bigint not null auto_increment, created_date datetime, modified_date datetime, email varchar(255) not null, name varchar(255) not null, picture varchar(255), role varchar(255) not null, primary key (id)) engine=InnoDB
2020-06-14 16:53:04.120  INFO 15816 --- [    Test worker] o.h.t.schema.internal.SchemaCreatorImpl  : HHH000476: Executing import script 'org.hibernate.tool.schema.internal.exec.ScriptSourceInputNonExistentImpl@3871d8b6'
2020-06-14 16:53:04.121  INFO 15816 --- [    Test worker] j.LocalContainerEntityManagerFactoryBean : Initialized JPA EntityManagerFactory for persistence unit 'default'
2020-06-14 16:53:05.191  INFO 15816 --- [    Test worker] o.h.h.i.QueryTranslatorFactoryInitiator  : HHH000397: Using ASTQueryTranslatorFactory
2020-06-14 16:53:05.596  INFO 15816 --- [    Test worker] o.s.s.web.DefaultSecurityFilterChain     : Creating filter chain: any request, [org.springframework.security.web.context.request.async.WebAsyncManagerIntegrationFilter@6e44b6ab, org.springframework.security.web.context.SecurityContextPersistenceFilter@5f4f26f8, org.springframework.security.web.header.HeaderWriterFilter@391dffa2, org.springframework.security.web.authentication.logout.LogoutFilter@2d91076b, org.springframework.security.oauth2.client.web.OAuth2AuthorizationRequestRedirectFilter@62d7e4b0, org.springframework.security.oauth2.client.web.OAuth2LoginAuthenticationFilter@3b1e0b2a, org.springframework.security.web.authentication.ui.DefaultLoginPageGeneratingFilter@b4f981c, org.springframework.security.web.authentication.ui.DefaultLogoutPageGeneratingFilter@c3b777d, org.springframework.security.web.savedrequest.RequestCacheAwareFilter@38603f40, org.springframework.security.web.servletapi.SecurityContextHolderAwareRequestFilter@6ed62701, org.springframework.security.web.authentication.AnonymousAuthenticationFilter@5114f02e, org.springframework.security.web.session.SessionManagementFilter@5cc1619, org.springframework.security.web.access.ExceptionTranslationFilter@23d8921b, org.springframework.security.web.access.intercept.FilterSecurityInterceptor@5bd7294f]
2020-06-14 16:53:06.060  INFO 15816 --- [    Test worker] o.s.s.concurrent.ThreadPoolTaskExecutor  : Initializing ExecutorService 'applicationTaskExecutor'
2020-06-14 16:53:06.080  WARN 15816 --- [    Test worker] aWebConfiguration$JpaWebMvcConfiguration : spring.jpa.open-in-view is enabled by default. Therefore, database queries may be performed during view rendering. Explicitly configure spring.jpa.open-in-view to disable this warning
2020-06-14 16:53:06.124  INFO 15816 --- [    Test worker] o.s.b.a.w.s.WelcomePageHandlerMapping    : Adding welcome page template: index
2020-06-14 16:53:06.662  INFO 15816 --- [    Test worker] s.a.ScheduledAnnotationBeanPostProcessor : No TaskScheduler/ScheduledExecutorService bean found for scheduled processing
2020-06-14 16:53:06.705  INFO 15816 --- [    Test worker] o.s.b.w.embedded.tomcat.TomcatWebServer  : Tomcat started on port(s): 12423 (http) with context path ''
2020-06-14 16:53:06.707  INFO 15816 --- [    Test worker] com.boot.nagagu.web.IndexControllerTest  : Started IndexControllerTest in 6.71 seconds (JVM running for 43.014)
2020-06-14 16:53:06.887  INFO 15816 --- [o-auto-1-exec-1] o.a.c.c.C.[Tomcat].[localhost].[/]       : Initializing Spring DispatcherServlet 'dispatcherServlet'
2020-06-14 16:53:06.888  INFO 15816 --- [o-auto-1-exec-1] o.s.web.servlet.DispatcherServlet        : Initializing Servlet 'dispatcherServlet'
2020-06-14 16:53:06.932  INFO 15816 --- [o-auto-1-exec-1] o.s.web.servlet.DispatcherServlet        : Completed initialization in 43 ms
Hibernate: select posts0_.id as id1_0_, posts0_.created_date as created_2_0_, posts0_.modified_date as modified3_0_, posts0_.author as author4_0_, posts0_.content as content5_0_, posts0_.title as title6_0_ from posts posts0_ order by posts0_.id DESC
]]></system-out>
  <system-err><![CDATA[]]></system-err>
</testsuite>
