<?xml version="1.0" encoding="UTF-8"?>
<testsuite name="com.boot.nagagu.web.dto.HelloResponseDtoTest" tests="1" skipped="0" failures="0" errors="0" timestamp="2020-06-13T09:40:10" hostname="DESKTOP-V2A4LJ1" time="0.005">
  <properties/>
  <testcase name="롬복_테스트" classname="com.boot.nagagu.web.dto.HelloResponseDtoTest" time="0.005"/>
  <system-out><![CDATA[]]></system-out>
  <system-err><![CDATA[]]></system-err>
</testsuite>
